<?xml version="1.0" encoding="UTF-8"?>
<!-- Generated by org.testng.reporters.JUnitXMLReporter -->
<testsuite ignored="0" hostname="DESKTOP-1QBSVOI" failures="0" tests="4" name="Default test" time="0.117" errors="0" timestamp="2022-05-27T19:11:39 PDT">
  <testcase classname="TestNG" name="c_method" time="0.007"/>
  <testcase classname="TestNG" name="d_method" time="0.005"/>
  <testcase classname="TestNG" name="a_testCase2" time="0.005"/>
  <testcase classname="TestNG" name="z_testCase1" time="0.005"/>
</testsuite> <!-- Default test -->
