<?xml version="1.0" encoding="UTF-8"?>
<!-- Generated by org.testng.reporters.JUnitXMLReporter -->
<testsuite ignored="0" hostname="DESKTOP-1QBSVOI" failures="0" tests="4" name="ToolsQA" time="0.1" errors="0" timestamp="2022-05-31T08:24:23 PDT">
  <testcase classname="DependsOnTest" name="OSignIn1" time="0.011"/>
  <testcase classname="DependsOnTest" name="OpenBrowser" time="0.002"/>
  <testcase classname="DependsOnTest" name="SignIn" time="0.001"/>
  <testcase classname="DependsOnTest" name="LogOut" time="0.002"/>
</testsuite> <!-- ToolsQA -->
