<?xml version="1.0" encoding="UTF-8"?>
<testng-results ignored="0" total="4" passed="4" failed="0" skipped="0">
  <reporter-output>
  </reporter-output>
  <suite started-at="2022-05-31T08:24:23 PDT" name="Test-Suite" finished-at="2022-05-31T08:24:23 PDT" duration-ms="100">
    <groups>
    </groups>
    <test started-at="2022-05-31T08:24:23 PDT" name="ToolsQA" finished-at="2022-05-31T08:24:23 PDT" duration-ms="100">
      <class name="DependsOnTest">
        <test-method signature="OSignIn1()[pri:0, instance:DependsOnTest@fba92d3]" started-at="2022-05-31T08:24:23 PDT" name="OSignIn1" finished-at="2022-05-31T08:24:23 PDT" duration-ms="11" status="PASS">
          <reporter-output>
          </reporter-output>
        </test-method> <!-- OSignIn1 -->
        <test-method signature="OpenBrowser()[pri:0, instance:DependsOnTest@fba92d3]" started-at="2022-05-31T08:24:23 PDT" name="OpenBrowser" finished-at="2022-05-31T08:24:23 PDT" duration-ms="2" status="PASS">
          <reporter-output>
          </reporter-output>
        </test-method> <!-- OpenBrowser -->
        <test-method signature="SignIn()[pri:0, instance:DependsOnTest@fba92d3]" started-at="2022-05-31T08:24:23 PDT" name="SignIn" finished-at="2022-05-31T08:24:23 PDT" duration-ms="1" status="PASS">
          <reporter-output>
          </reporter-output>
        </test-method> <!-- SignIn -->
        <test-method signature="LogOut()[pri:0, instance:DependsOnTest@fba92d3]" started-at="2022-05-31T08:24:23 PDT" name="LogOut" finished-at="2022-05-31T08:24:23 PDT" depends-on-methods="DependsOnTest.OpenBrowser, DependsOnTest.SignIn, DependsOnTest.OSignIn1" duration-ms="2" status="PASS">
          <reporter-output>
          </reporter-output>
        </test-method> <!-- LogOut -->
      </class> <!-- DependsOnTest -->
    </test> <!-- ToolsQA -->
  </suite> <!-- Test-Suite -->
</testng-results>
